<?xml version="1.0" encoding="UTF-8"?>
<testsuite name="kr.ex.querydsl.QuerDslTest3" tests="3" skipped="0" failures="2" errors="0" timestamp="2024-03-22T02:46:15" hostname="DESKTOP-T0CQC6G" time="0.095">
  <properties/>
  <testcase name="동적쿼리_BooleanBuilder()" classname="kr.ex.querydsl.QuerDslTest3" time="0.025"/>
  <testcase name="bulkUpdate()" classname="kr.ex.querydsl.QuerDslTest3" time="0.043">
    <failure message="org.opentest4j.AssertionFailedError: &#13;&#10;expected: 2L&#13;&#10; but was: 3L" type="org.opentest4j.AssertionFailedError">org.opentest4j.AssertionFailedError: 
expected: 2L
 but was: 3L
	at java.base@21.0.2/jdk.internal.reflect.DirectConstructorHandleAccessor.newInstance(DirectConstructorHandleAccessor.java:62)
	at java.base@21.0.2/java.lang.reflect.Constructor.newInstanceWithCaller(Constructor.java:502)
	at app//kr.ex.querydsl.QuerDslTest3.bulkUpdate(QuerDslTest3.java:136)
	at java.base@21.0.2/jdk.internal.reflect.DirectMethodHandleAccessor.invoke(DirectMethodHandleAccessor.java:103)
	at java.base@21.0.2/java.lang.reflect.Method.invoke(Method.java:580)
	at app//org.junit.platform.commons.util.ReflectionUtils.invokeMethod(ReflectionUtils.java:728)
	at app//org.junit.jupiter.engine.execution.MethodInvocation.proceed(MethodInvocation.java:60)
	at app//org.junit.jupiter.engine.execution.InvocationInterceptorChain$ValidatingInvocation.proceed(InvocationInterceptorChain.java:131)
	at app//org.junit.jupiter.engine.extension.TimeoutExtension.intercept(TimeoutExtension.java:156)
	at app//org.junit.jupiter.engine.extension.TimeoutExtension.interceptTestableMethod(TimeoutExtension.java:147)
	at app//org.junit.jupiter.engine.extension.TimeoutExtension.interceptTestMethod(TimeoutExtension.java:86)
	at app//org.junit.jupiter.engine.execution.InterceptingExecutableInvoker$ReflectiveInterceptorCall.lambda$ofVoidMethod$0(InterceptingExecutableInvoker.java:103)
	at app//org.junit.jupiter.engine.execution.InterceptingExecutableInvoker.lambda$invoke$0(InterceptingExecutableInvoker.java:93)
	at app//org.junit.jupiter.engine.execution.InvocationInterceptorChain$InterceptedInvocation.proceed(InvocationInterceptorChain.java:106)
	at app//org.junit.jupiter.engine.execution.InvocationInterceptorChain.proceed(InvocationInterceptorChain.java:64)
	at app//org.junit.jupiter.engine.execution.InvocationInterceptorChain.chainAndInvoke(InvocationInterceptorChain.java:45)
	at app//org.junit.jupiter.engine.execution.InvocationInterceptorChain.invoke(InvocationInterceptorChain.java:37)
	at app//org.junit.jupiter.engine.execution.InterceptingExecutableInvoker.invoke(InterceptingExecutableInvoker.java:92)
	at app//org.junit.jupiter.engine.execution.InterceptingExecutableInvoker.invoke(InterceptingExecutableInvoker.java:86)
	at app//org.junit.jupiter.engine.descriptor.TestMethodTestDescriptor.lambda$invokeTestMethod$7(TestMethodTestDescriptor.java:218)
	at app//org.junit.platform.engine.support.hierarchical.ThrowableCollector.execute(ThrowableCollector.java:73)
	at app//org.junit.jupiter.engine.descriptor.TestMethodTestDescriptor.invokeTestMethod(TestMethodTestDescriptor.java:214)
	at app//org.junit.jupiter.engine.descriptor.TestMethodTestDescriptor.execute(TestMethodTestDescriptor.java:139)
	at app//org.junit.jupiter.engine.descriptor.TestMethodTestDescriptor.execute(TestMethodTestDescriptor.java:69)
	at app//org.junit.platform.engine.support.hierarchical.NodeTestTask.lambda$executeRecursively$6(NodeTestTask.java:151)
	at app//org.junit.platform.engine.support.hierarchical.ThrowableCollector.execute(ThrowableCollector.java:73)
	at app//org.junit.platform.engine.support.hierarchical.NodeTestTask.lambda$executeRecursively$8(NodeTestTask.java:141)
	at app//org.junit.platform.engine.support.hierarchical.Node.around(Node.java:137)
	at app//org.junit.platform.engine.support.hierarchical.NodeTestTask.lambda$executeRecursively$9(NodeTestTask.java:139)
	at app//org.junit.platform.engine.support.hierarchical.ThrowableCollector.execute(ThrowableCollector.java:73)
	at app//org.junit.platform.engine.support.hierarchical.NodeTestTask.executeRecursively(NodeTestTask.java:138)
	at app//org.junit.platform.engine.support.hierarchical.NodeTestTask.execute(NodeTestTask.java:95)
	at java.base@21.0.2/java.util.ArrayList.forEach(ArrayList.java:1596)
	at app//org.junit.platform.engine.support.hierarchical.SameThreadHierarchicalTestExecutorService.invokeAll(SameThreadHierarchicalTestExecutorService.java:41)
	at app//org.junit.platform.engine.support.hierarchical.NodeTestTask.lambda$executeRecursively$6(NodeTestTask.java:155)
	at app//org.junit.platform.engine.support.hierarchical.ThrowableCollector.execute(ThrowableCollector.java:73)
	at app//org.junit.platform.engine.support.hierarchical.NodeTestTask.lambda$executeRecursively$8(NodeTestTask.java:141)
	at app//org.junit.platform.engine.support.hierarchical.Node.around(Node.java:137)
	at app//org.junit.platform.engine.support.hierarchical.NodeTestTask.lambda$executeRecursively$9(NodeTestTask.java:139)
	at app//org.junit.platform.engine.support.hierarchical.ThrowableCollector.execute(ThrowableCollector.java:73)
	at app//org.junit.platform.engine.support.hierarchical.NodeTestTask.executeRecursively(NodeTestTask.java:138)
	at app//org.junit.platform.engine.support.hierarchical.NodeTestTask.execute(NodeTestTask.java:95)
	at java.base@21.0.2/java.util.ArrayList.forEach(ArrayList.java:1596)
	at app//org.junit.platform.engine.support.hierarchical.SameThreadHierarchicalTestExecutorService.invokeAll(SameThreadHierarchicalTestExecutorService.java:41)
	at app//org.junit.platform.engine.support.hierarchical.NodeTestTask.lambda$executeRecursively$6(NodeTestTask.java:155)
	at app//org.junit.platform.engine.support.hierarchical.ThrowableCollector.execute(ThrowableCollector.java:73)
	at app//org.junit.platform.engine.support.hierarchical.NodeTestTask.lambda$executeRecursively$8(NodeTestTask.java:141)
	at app//org.junit.platform.engine.support.hierarchical.Node.around(Node.java:137)
	at app//org.junit.platform.engine.support.hierarchical.NodeTestTask.lambda$executeRecursively$9(NodeTestTask.java:139)
	at app//org.junit.platform.engine.support.hierarchical.ThrowableCollector.execute(ThrowableCollector.java:73)
	at app//org.junit.platform.engine.support.hierarchical.NodeTestTask.executeRecursively(NodeTestTask.java:138)
	at app//org.junit.platform.engine.support.hierarchical.NodeTestTask.execute(NodeTestTask.java:95)
	at app//org.junit.platform.engine.support.hierarchical.SameThreadHierarchicalTestExecutorService.submit(SameThreadHierarchicalTestExecutorService.java:35)
	at app//org.junit.platform.engine.support.hierarchical.HierarchicalTestExecutor.execute(HierarchicalTestExecutor.java:57)
	at app//org.junit.platform.engine.support.hierarchical.HierarchicalTestEngine.execute(HierarchicalTestEngine.java:54)
	at app//org.junit.platform.launcher.core.EngineExecutionOrchestrator.execute(EngineExecutionOrchestrator.java:107)
	at app//org.junit.platform.launcher.core.EngineExecutionOrchestrator.execute(EngineExecutionOrchestrator.java:88)
	at app//org.junit.platform.launcher.core.EngineExecutionOrchestrator.lambda$execute$0(EngineExecutionOrchestrator.java:54)
	at app//org.junit.platform.launcher.core.EngineExecutionOrchestrator.withInterceptedStreams(EngineExecutionOrchestrator.java:67)
	at app//org.junit.platform.launcher.core.EngineExecutionOrchestrator.execute(EngineExecutionOrchestrator.java:52)
	at app//org.junit.platform.launcher.core.DefaultLauncher.execute(DefaultLauncher.java:114)
	at app//org.junit.platform.launcher.core.DefaultLauncher.execute(DefaultLauncher.java:86)
	at app//org.junit.platform.launcher.core.DefaultLauncherSession$DelegatingLauncher.execute(DefaultLauncherSession.java:86)
	at org.gradle.api.internal.tasks.testing.junitplatform.JUnitPlatformTestClassProcessor$CollectAllTestClassesExecutor.processAllTestClasses(JUnitPlatformTestClassProcessor.java:119)
	at org.gradle.api.internal.tasks.testing.junitplatform.JUnitPlatformTestClassProcessor$CollectAllTestClassesExecutor.access$000(JUnitPlatformTestClassProcessor.java:94)
	at org.gradle.api.internal.tasks.testing.junitplatform.JUnitPlatformTestClassProcessor.stop(JUnitPlatformTestClassProcessor.java:89)
	at org.gradle.api.internal.tasks.testing.SuiteTestClassProcessor.stop(SuiteTestClassProcessor.java:62)
	at java.base@21.0.2/jdk.internal.reflect.DirectMethodHandleAccessor.invoke(DirectMethodHandleAccessor.java:103)
	at java.base@21.0.2/java.lang.reflect.Method.invoke(Method.java:580)
	at org.gradle.internal.dispatch.ReflectionDispatch.dispatch(ReflectionDispatch.java:36)
	at org.gradle.internal.dispatch.ReflectionDispatch.dispatch(ReflectionDispatch.java:24)
	at org.gradle.internal.dispatch.ContextClassLoaderDispatch.dispatch(ContextClassLoaderDispatch.java:33)
	at org.gradle.internal.dispatch.ProxyDispatchAdapter$DispatchingInvocationHandler.invoke(ProxyDispatchAdapter.java:94)
	at jdk.proxy1/jdk.proxy1.$Proxy2.stop(Unknown Source)
	at org.gradle.api.internal.tasks.testing.worker.TestWorker$3.run(TestWorker.java:193)
	at org.gradle.api.internal.tasks.testing.worker.TestWorker.executeAndMaintainThreadName(TestWorker.java:129)
	at org.gradle.api.internal.tasks.testing.worker.TestWorker.execute(TestWorker.java:100)
	at org.gradle.api.internal.tasks.testing.worker.TestWorker.execute(TestWorker.java:60)
	at org.gradle.process.internal.worker.child.ActionExecutionWorker.execute(ActionExecutionWorker.java:56)
	at org.gradle.process.internal.worker.child.SystemApplicationClassLoaderWorker.call(SystemApplicationClassLoaderWorker.java:113)
	at org.gradle.process.internal.worker.child.SystemApplicationClassLoaderWorker.call(SystemApplicationClassLoaderWorker.java:65)
	at app//worker.org.gradle.process.internal.worker.GradleWorkerMain.run(GradleWorkerMain.java:69)
	at app//worker.org.gradle.process.internal.worker.GradleWorkerMain.main(GradleWorkerMain.java:74)
</failure>
  </testcase>
  <testcase name="dtoByJQPL()" classname="kr.ex.querydsl.QuerDslTest3" time="0.025">
    <failure message="java.lang.IllegalArgumentException: org.hibernate.query.SemanticException: Could not resolve class 'kr.ex.querydsl.entity.MemberDto' named for instantiation" type="java.lang.IllegalArgumentException">java.lang.IllegalArgumentException: org.hibernate.query.SemanticException: Could not resolve class 'kr.ex.querydsl.entity.MemberDto' named for instantiation
	at org.hibernate.internal.ExceptionConverterImpl.convert(ExceptionConverterImpl.java:143)
	at org.hibernate.internal.ExceptionConverterImpl.convert(ExceptionConverterImpl.java:167)
	at org.hibernate.internal.ExceptionConverterImpl.convert(ExceptionConverterImpl.java:173)
	at org.hibernate.internal.AbstractSharedSessionContract.createQuery(AbstractSharedSessionContract.java:848)
	at org.hibernate.internal.AbstractSharedSessionContract.createQuery(AbstractSharedSessionContract.java:136)
	at java.base/jdk.internal.reflect.DirectMethodHandleAccessor.invoke(DirectMethodHandleAccessor.java:103)
	at java.base/java.lang.reflect.Method.invoke(Method.java:580)
	at org.springframework.orm.jpa.SharedEntityManagerCreator$SharedEntityManagerInvocationHandler.invoke(SharedEntityManagerCreator.java:319)
	at jdk.proxy3/jdk.proxy3.$Proxy118.createQuery(Unknown Source)
	at kr.ex.querydsl.QuerDslTest3.dtoByJQPL(QuerDslTest3.java:55)
	at java.base/jdk.internal.reflect.DirectMethodHandleAccessor.invoke(DirectMethodHandleAccessor.java:103)
	at java.base/java.lang.reflect.Method.invoke(Method.java:580)
	at org.junit.platform.commons.util.ReflectionUtils.invokeMethod(ReflectionUtils.java:728)
	at org.junit.jupiter.engine.execution.MethodInvocation.proceed(MethodInvocation.java:60)
	at org.junit.jupiter.engine.execution.InvocationInterceptorChain$ValidatingInvocation.proceed(InvocationInterceptorChain.java:131)
	at org.junit.jupiter.engine.extension.TimeoutExtension.intercept(TimeoutExtension.java:156)
	at org.junit.jupiter.engine.extension.TimeoutExtension.interceptTestableMethod(TimeoutExtension.java:147)
	at org.junit.jupiter.engine.extension.TimeoutExtension.interceptTestMethod(TimeoutExtension.java:86)
	at org.junit.jupiter.engine.execution.InterceptingExecutableInvoker$ReflectiveInterceptorCall.lambda$ofVoidMethod$0(InterceptingExecutableInvoker.java:103)
	at org.junit.jupiter.engine.execution.InterceptingExecutableInvoker.lambda$invoke$0(InterceptingExecutableInvoker.java:93)
	at org.junit.jupiter.engine.execution.InvocationInterceptorChain$InterceptedInvocation.proceed(InvocationInterceptorChain.java:106)
	at org.junit.jupiter.engine.execution.InvocationInterceptorChain.proceed(InvocationInterceptorChain.java:64)
	at org.junit.jupiter.engine.execution.InvocationInterceptorChain.chainAndInvoke(InvocationInterceptorChain.java:45)
	at org.junit.jupiter.engine.execution.InvocationInterceptorChain.invoke(InvocationInterceptorChain.java:37)
	at org.junit.jupiter.engine.execution.InterceptingExecutableInvoker.invoke(InterceptingExecutableInvoker.java:92)
	at org.junit.jupiter.engine.execution.InterceptingExecutableInvoker.invoke(InterceptingExecutableInvoker.java:86)
	at org.junit.jupiter.engine.descriptor.TestMethodTestDescriptor.lambda$invokeTestMethod$7(TestMethodTestDescriptor.java:218)
	at org.junit.platform.engine.support.hierarchical.ThrowableCollector.execute(ThrowableCollector.java:73)
	at org.junit.jupiter.engine.descriptor.TestMethodTestDescriptor.invokeTestMethod(TestMethodTestDescriptor.java:214)
	at org.junit.jupiter.engine.descriptor.TestMethodTestDescriptor.execute(TestMethodTestDescriptor.java:139)
	at org.junit.jupiter.engine.descriptor.TestMethodTestDescriptor.execute(TestMethodTestDescriptor.java:69)
	at org.junit.platform.engine.support.hierarchical.NodeTestTask.lambda$executeRecursively$6(NodeTestTask.java:151)
	at org.junit.platform.engine.support.hierarchical.ThrowableCollector.execute(ThrowableCollector.java:73)
	at org.junit.platform.engine.support.hierarchical.NodeTestTask.lambda$executeRecursively$8(NodeTestTask.java:141)
	at org.junit.platform.engine.support.hierarchical.Node.around(Node.java:137)
	at org.junit.platform.engine.support.hierarchical.NodeTestTask.lambda$executeRecursively$9(NodeTestTask.java:139)
	at org.junit.platform.engine.support.hierarchical.ThrowableCollector.execute(ThrowableCollector.java:73)
	at org.junit.platform.engine.support.hierarchical.NodeTestTask.executeRecursively(NodeTestTask.java:138)
	at org.junit.platform.engine.support.hierarchical.NodeTestTask.execute(NodeTestTask.java:95)
	at java.base/java.util.ArrayList.forEach(ArrayList.java:1596)
	at org.junit.platform.engine.support.hierarchical.SameThreadHierarchicalTestExecutorService.invokeAll(SameThreadHierarchicalTestExecutorService.java:41)
	at org.junit.platform.engine.support.hierarchical.NodeTestTask.lambda$executeRecursively$6(NodeTestTask.java:155)
	at org.junit.platform.engine.support.hierarchical.ThrowableCollector.execute(ThrowableCollector.java:73)
	at org.junit.platform.engine.support.hierarchical.NodeTestTask.lambda$executeRecursively$8(NodeTestTask.java:141)
	at org.junit.platform.engine.support.hierarchical.Node.around(Node.java:137)
	at org.junit.platform.engine.support.hierarchical.NodeTestTask.lambda$executeRecursively$9(NodeTestTask.java:139)
	at org.junit.platform.engine.support.hierarchical.ThrowableCollector.execute(ThrowableCollector.java:73)
	at org.junit.platform.engine.support.hierarchical.NodeTestTask.executeRecursively(NodeTestTask.java:138)
	at org.junit.platform.engine.support.hierarchical.NodeTestTask.execute(NodeTestTask.java:95)
	at java.base/java.util.ArrayList.forEach(ArrayList.java:1596)
	at org.junit.platform.engine.support.hierarchical.SameThreadHierarchicalTestExecutorService.invokeAll(SameThreadHierarchicalTestExecutorService.java:41)
	at org.junit.platform.engine.support.hierarchical.NodeTestTask.lambda$executeRecursively$6(NodeTestTask.java:155)
	at org.junit.platform.engine.support.hierarchical.ThrowableCollector.execute(ThrowableCollector.java:73)
	at org.junit.platform.engine.support.hierarchical.NodeTestTask.lambda$executeRecursively$8(NodeTestTask.java:141)
	at org.junit.platform.engine.support.hierarchical.Node.around(Node.java:137)
	at org.junit.platform.engine.support.hierarchical.NodeTestTask.lambda$executeRecursively$9(NodeTestTask.java:139)
	at org.junit.platform.engine.support.hierarchical.ThrowableCollector.execute(ThrowableCollector.java:73)
	at org.junit.platform.engine.support.hierarchical.NodeTestTask.executeRecursively(NodeTestTask.java:138)
	at org.junit.platform.engine.support.hierarchical.NodeTestTask.execute(NodeTestTask.java:95)
	at org.junit.platform.engine.support.hierarchical.SameThreadHierarchicalTestExecutorService.submit(SameThreadHierarchicalTestExecutorService.java:35)
	at org.junit.platform.engine.support.hierarchical.HierarchicalTestExecutor.execute(HierarchicalTestExecutor.java:57)
	at org.junit.platform.engine.support.hierarchical.HierarchicalTestEngine.execute(HierarchicalTestEngine.java:54)
	at org.junit.platform.launcher.core.EngineExecutionOrchestrator.execute(EngineExecutionOrchestrator.java:107)
	at org.junit.platform.launcher.core.EngineExecutionOrchestrator.execute(EngineExecutionOrchestrator.java:88)
	at org.junit.platform.launcher.core.EngineExecutionOrchestrator.lambda$execute$0(EngineExecutionOrchestrator.java:54)
	at org.junit.platform.launcher.core.EngineExecutionOrchestrator.withInterceptedStreams(EngineExecutionOrchestrator.java:67)
	at org.junit.platform.launcher.core.EngineExecutionOrchestrator.execute(EngineExecutionOrchestrator.java:52)
	at org.junit.platform.launcher.core.DefaultLauncher.execute(DefaultLauncher.java:114)
	at org.junit.platform.launcher.core.DefaultLauncher.execute(DefaultLauncher.java:86)
	at org.junit.platform.launcher.core.DefaultLauncherSession$DelegatingLauncher.execute(DefaultLauncherSession.java:86)
	at org.gradle.api.internal.tasks.testing.junitplatform.JUnitPlatformTestClassProcessor$CollectAllTestClassesExecutor.processAllTestClasses(JUnitPlatformTestClassProcessor.java:119)
	at org.gradle.api.internal.tasks.testing.junitplatform.JUnitPlatformTestClassProcessor$CollectAllTestClassesExecutor.access$000(JUnitPlatformTestClassProcessor.java:94)
	at org.gradle.api.internal.tasks.testing.junitplatform.JUnitPlatformTestClassProcessor.stop(JUnitPlatformTestClassProcessor.java:89)
	at org.gradle.api.internal.tasks.testing.SuiteTestClassProcessor.stop(SuiteTestClassProcessor.java:62)
	at java.base/jdk.internal.reflect.DirectMethodHandleAccessor.invoke(DirectMethodHandleAccessor.java:103)
	at java.base/java.lang.reflect.Method.invoke(Method.java:580)
	at org.gradle.internal.dispatch.ReflectionDispatch.dispatch(ReflectionDispatch.java:36)
	at org.gradle.internal.dispatch.ReflectionDispatch.dispatch(ReflectionDispatch.java:24)
	at org.gradle.internal.dispatch.ContextClassLoaderDispatch.dispatch(ContextClassLoaderDispatch.java:33)
	at org.gradle.internal.dispatch.ProxyDispatchAdapter$DispatchingInvocationHandler.invoke(ProxyDispatchAdapter.java:94)
	at jdk.proxy1/jdk.proxy1.$Proxy2.stop(Unknown Source)
	at org.gradle.api.internal.tasks.testing.worker.TestWorker$3.run(TestWorker.java:193)
	at org.gradle.api.internal.tasks.testing.worker.TestWorker.executeAndMaintainThreadName(TestWorker.java:129)
	at org.gradle.api.internal.tasks.testing.worker.TestWorker.execute(TestWorker.java:100)
	at org.gradle.api.internal.tasks.testing.worker.TestWorker.execute(TestWorker.java:60)
	at org.gradle.process.internal.worker.child.ActionExecutionWorker.execute(ActionExecutionWorker.java:56)
	at org.gradle.process.internal.worker.child.SystemApplicationClassLoaderWorker.call(SystemApplicationClassLoaderWorker.java:113)
	at org.gradle.process.internal.worker.child.SystemApplicationClassLoaderWorker.call(SystemApplicationClassLoaderWorker.java:65)
	at worker.org.gradle.process.internal.worker.GradleWorkerMain.run(GradleWorkerMain.java:69)
	at worker.org.gradle.process.internal.worker.GradleWorkerMain.main(GradleWorkerMain.java:74)
Caused by: org.hibernate.query.SemanticException: Could not resolve class 'kr.ex.querydsl.entity.MemberDto' named for instantiation
	at app//org.hibernate.query.hql.internal.SemanticQueryBuilder.visitInstantiation(SemanticQueryBuilder.java:1374)
	at app//org.hibernate.query.hql.internal.SemanticQueryBuilder.visitInstantiation(SemanticQueryBuilder.java:269)
	at app//org.hibernate.grammars.hql.HqlParser$InstantiationContext.accept(HqlParser.java:3761)
	at app//org.hibernate.query.hql.internal.SemanticQueryBuilder.visitSelectableNode(SemanticQueryBuilder.java:1355)
	at app//org.hibernate.query.hql.internal.SemanticQueryBuilder.visitSelection(SemanticQueryBuilder.java:1309)
	at app//org.hibernate.query.hql.internal.SemanticQueryBuilder.visitSelectClause(SemanticQueryBuilder.java:1302)
	at app//org.hibernate.query.hql.internal.SemanticQueryBuilder.visitQuery(SemanticQueryBuilder.java:1154)
	at app//org.hibernate.query.hql.internal.SemanticQueryBuilder.visitQuerySpecExpression(SemanticQueryBuilder.java:941)
	at app//org.hibernate.query.hql.internal.SemanticQueryBuilder.visitQuerySpecExpression(SemanticQueryBuilder.java:269)
	at app//org.hibernate.grammars.hql.HqlParser$QuerySpecExpressionContext.accept(HqlParser.java:1869)
	at app//org.hibernate.query.hql.internal.SemanticQueryBuilder.visitSimpleQueryGroup(SemanticQueryBuilder.java:926)
	at app//org.hibernate.query.hql.internal.SemanticQueryBuilder.visitSimpleQueryGroup(SemanticQueryBuilder.java:269)
	at app//org.hibernate.grammars.hql.HqlParser$SimpleQueryGroupContext.accept(HqlParser.java:1740)
	at app//org.hibernate.query.hql.internal.SemanticQueryBuilder.visitSelectStatement(SemanticQueryBuilder.java:443)
	at app//org.hibernate.query.hql.internal.SemanticQueryBuilder.visitStatement(SemanticQueryBuilder.java:402)
	at app//org.hibernate.query.hql.internal.SemanticQueryBuilder.buildSemanticModel(SemanticQueryBuilder.java:311)
	at app//org.hibernate.query.hql.internal.StandardHqlTranslator.translate(StandardHqlTranslator.java:71)
	at app//org.hibernate.query.internal.QueryInterpretationCacheStandardImpl.createHqlInterpretation(QueryInterpretationCacheStandardImpl.java:165)
	at app//org.hibernate.query.internal.QueryInterpretationCacheStandardImpl.resolveHqlInterpretation(QueryInterpretationCacheStandardImpl.java:147)
	at app//org.hibernate.internal.AbstractSharedSessionContract.interpretHql(AbstractSharedSessionContract.java:790)
	at app//org.hibernate.internal.AbstractSharedSessionContract.createQuery(AbstractSharedSessionContract.java:840)
	... 86 more
</failure>
  </testcase>
  <system-out><![CDATA[?[2m2024-03-22T11:46:15.896+09:00?[0;39m ?[32m INFO?[0;39m ?[35m21884?[0;39m ?[2m---?[0;39m ?[2m[    Test worker]?[0;39m ?[2m?[0;39m?[36mt.c.s.AnnotationConfigContextLoaderUtils?[0;39m ?[2m:?[0;39m Could not detect default configuration classes for test class [kr.ex.querydsl.QuerDslTest3]: QuerDslTest3 does not declare any static, non-private, non-final, nested classes annotated with @Configuration.
?[2m2024-03-22T11:46:15.898+09:00?[0;39m ?[32m INFO?[0;39m ?[35m21884?[0;39m ?[2m---?[0;39m ?[2m[    Test worker]?[0;39m ?[2m?[0;39m?[36m.b.t.c.SpringBootTestContextBootstrapper?[0;39m ?[2m:?[0;39m Found @SpringBootConfiguration kr.ex.querydsl.QueryDslApplication for test class kr.ex.querydsl.QuerDslTest3
?[2m2024-03-22T11:46:15.903+09:00?[0;39m ?[32mDEBUG?[0;39m ?[35m21884?[0;39m ?[2m---?[0;39m ?[2m[    Test worker]?[0;39m ?[2m?[0;39m?[36morg.hibernate.SQL                       ?[0;39m ?[2m:?[0;39m 
    insert 
    into
        team
        (name) 
    values
        (?)
?[2m2024-03-22T11:46:15.904+09:00?[0;39m ?[32m INFO?[0;39m ?[35m21884?[0;39m ?[2m---?[0;39m ?[2m[    Test worker]?[0;39m ?[2m?[0;39m?[36mp6spy                                   ?[0;39m ?[2m:?[0;39m #1711075575904 | took 0ms | statement | connection 10| url jdbc:mysql://localhost:3306/sampleDB?serverTimezone=UTC&useSSL=false&allowPublicKeyRetrieval=true
insert into team (name) values (?)
insert into team (name) values ('teamA');
?[2m2024-03-22T11:46:15.905+09:00?[0;39m ?[32mDEBUG?[0;39m ?[35m21884?[0;39m ?[2m---?[0;39m ?[2m[    Test worker]?[0;39m ?[2m?[0;39m?[36morg.hibernate.SQL                       ?[0;39m ?[2m:?[0;39m 
    insert 
    into
        team
        (name) 
    values
        (?)
?[2m2024-03-22T11:46:15.906+09:00?[0;39m ?[32m INFO?[0;39m ?[35m21884?[0;39m ?[2m---?[0;39m ?[2m[    Test worker]?[0;39m ?[2m?[0;39m?[36mp6spy                                   ?[0;39m ?[2m:?[0;39m #1711075575906 | took 0ms | statement | connection 10| url jdbc:mysql://localhost:3306/sampleDB?serverTimezone=UTC&useSSL=false&allowPublicKeyRetrieval=true
insert into team (name) values (?)
insert into team (name) values ('teamB');
?[2m2024-03-22T11:46:15.906+09:00?[0;39m ?[32mDEBUG?[0;39m ?[35m21884?[0;39m ?[2m---?[0;39m ?[2m[    Test worker]?[0;39m ?[2m?[0;39m?[36morg.hibernate.SQL                       ?[0;39m ?[2m:?[0;39m 
    insert 
    into
        member
        (age, team_id, username) 
    values
        (?, ?, ?)
?[2m2024-03-22T11:46:15.907+09:00?[0;39m ?[32m INFO?[0;39m ?[35m21884?[0;39m ?[2m---?[0;39m ?[2m[    Test worker]?[0;39m ?[2m?[0;39m?[36mp6spy                                   ?[0;39m ?[2m:?[0;39m #1711075575907 | took 0ms | statement | connection 10| url jdbc:mysql://localhost:3306/sampleDB?serverTimezone=UTC&useSSL=false&allowPublicKeyRetrieval=true
insert into member (age,team_id,username) values (?,?,?)
insert into member (age,team_id,username) values (10,15,'member1');
?[2m2024-03-22T11:46:15.907+09:00?[0;39m ?[32mDEBUG?[0;39m ?[35m21884?[0;39m ?[2m---?[0;39m ?[2m[    Test worker]?[0;39m ?[2m?[0;39m?[36morg.hibernate.SQL                       ?[0;39m ?[2m:?[0;39m 
    insert 
    into
        member
        (age, team_id, username) 
    values
        (?, ?, ?)
?[2m2024-03-22T11:46:15.907+09:00?[0;39m ?[32m INFO?[0;39m ?[35m21884?[0;39m ?[2m---?[0;39m ?[2m[    Test worker]?[0;39m ?[2m?[0;39m?[36mp6spy                                   ?[0;39m ?[2m:?[0;39m #1711075575907 | took 0ms | statement | connection 10| url jdbc:mysql://localhost:3306/sampleDB?serverTimezone=UTC&useSSL=false&allowPublicKeyRetrieval=true
insert into member (age,team_id,username) values (?,?,?)
insert into member (age,team_id,username) values (20,15,'member2');
?[2m2024-03-22T11:46:15.908+09:00?[0;39m ?[32mDEBUG?[0;39m ?[35m21884?[0;39m ?[2m---?[0;39m ?[2m[    Test worker]?[0;39m ?[2m?[0;39m?[36morg.hibernate.SQL                       ?[0;39m ?[2m:?[0;39m 
    insert 
    into
        member
        (age, team_id, username) 
    values
        (?, ?, ?)
?[2m2024-03-22T11:46:15.908+09:00?[0;39m ?[32m INFO?[0;39m ?[35m21884?[0;39m ?[2m---?[0;39m ?[2m[    Test worker]?[0;39m ?[2m?[0;39m?[36mp6spy                                   ?[0;39m ?[2m:?[0;39m #1711075575908 | took 0ms | statement | connection 10| url jdbc:mysql://localhost:3306/sampleDB?serverTimezone=UTC&useSSL=false&allowPublicKeyRetrieval=true
insert into member (age,team_id,username) values (?,?,?)
insert into member (age,team_id,username) values (30,16,'member3');
?[2m2024-03-22T11:46:15.909+09:00?[0;39m ?[32mDEBUG?[0;39m ?[35m21884?[0;39m ?[2m---?[0;39m ?[2m[    Test worker]?[0;39m ?[2m?[0;39m?[36morg.hibernate.SQL                       ?[0;39m ?[2m:?[0;39m 
    insert 
    into
        member
        (age, team_id, username) 
    values
        (?, ?, ?)
?[2m2024-03-22T11:46:15.909+09:00?[0;39m ?[32m INFO?[0;39m ?[35m21884?[0;39m ?[2m---?[0;39m ?[2m[    Test worker]?[0;39m ?[2m?[0;39m?[36mp6spy                                   ?[0;39m ?[2m:?[0;39m #1711075575909 | took 0ms | statement | connection 10| url jdbc:mysql://localhost:3306/sampleDB?serverTimezone=UTC&useSSL=false&allowPublicKeyRetrieval=true
insert into member (age,team_id,username) values (?,?,?)
insert into member (age,team_id,username) values (40,16,'member4');
==========================
?[2m2024-03-22T11:46:15.921+09:00?[0;39m ?[32mDEBUG?[0;39m ?[35m21884?[0;39m ?[2m---?[0;39m ?[2m[    Test worker]?[0;39m ?[2m?[0;39m?[36morg.hibernate.SQL                       ?[0;39m ?[2m:?[0;39m 
    select
        m1_0.member_id,
        m1_0.age,
        m1_0.team_id,
        m1_0.username 
    from
        member m1_0 
    where
        m1_0.username=? 
        and m1_0.age>=?
?[2m2024-03-22T11:46:15.922+09:00?[0;39m ?[32m INFO?[0;39m ?[35m21884?[0;39m ?[2m---?[0;39m ?[2m[    Test worker]?[0;39m ?[2m?[0;39m?[36mp6spy                                   ?[0;39m ?[2m:?[0;39m #1711075575922 | took 0ms | statement | connection 10| url jdbc:mysql://localhost:3306/sampleDB?serverTimezone=UTC&useSSL=false&allowPublicKeyRetrieval=true
select m1_0.member_id,m1_0.age,m1_0.team_id,m1_0.username from member m1_0 where m1_0.username=? and m1_0.age>=?
select m1_0.member_id,m1_0.age,m1_0.team_id,m1_0.username from member m1_0 where m1_0.username='member1' and m1_0.age>=10;
m = Member(id=32, username=member1, age=10)
?[2m2024-03-22T11:46:15.926+09:00?[0;39m ?[32m INFO?[0;39m ?[35m21884?[0;39m ?[2m---?[0;39m ?[2m[    Test worker]?[0;39m ?[2m?[0;39m?[36mp6spy                                   ?[0;39m ?[2m:?[0;39m #1711075575926 | took 1ms | rollback | connection 10| url jdbc:mysql://localhost:3306/sampleDB?serverTimezone=UTC&useSSL=false&allowPublicKeyRetrieval=true

;
?[2m2024-03-22T11:46:15.929+09:00?[0;39m ?[32mDEBUG?[0;39m ?[35m21884?[0;39m ?[2m---?[0;39m ?[2m[    Test worker]?[0;39m ?[2m?[0;39m?[36morg.hibernate.SQL                       ?[0;39m ?[2m:?[0;39m 
    insert 
    into
        team
        (name) 
    values
        (?)
?[2m2024-03-22T11:46:15.930+09:00?[0;39m ?[32m INFO?[0;39m ?[35m21884?[0;39m ?[2m---?[0;39m ?[2m[    Test worker]?[0;39m ?[2m?[0;39m?[36mp6spy                                   ?[0;39m ?[2m:?[0;39m #1711075575930 | took 0ms | statement | connection 11| url jdbc:mysql://localhost:3306/sampleDB?serverTimezone=UTC&useSSL=false&allowPublicKeyRetrieval=true
insert into team (name) values (?)
insert into team (name) values ('teamA');
?[2m2024-03-22T11:46:15.931+09:00?[0;39m ?[32mDEBUG?[0;39m ?[35m21884?[0;39m ?[2m---?[0;39m ?[2m[    Test worker]?[0;39m ?[2m?[0;39m?[36morg.hibernate.SQL                       ?[0;39m ?[2m:?[0;39m 
    insert 
    into
        team
        (name) 
    values
        (?)
?[2m2024-03-22T11:46:15.931+09:00?[0;39m ?[32m INFO?[0;39m ?[35m21884?[0;39m ?[2m---?[0;39m ?[2m[    Test worker]?[0;39m ?[2m?[0;39m?[36mp6spy                                   ?[0;39m ?[2m:?[0;39m #1711075575931 | took 0ms | statement | connection 11| url jdbc:mysql://localhost:3306/sampleDB?serverTimezone=UTC&useSSL=false&allowPublicKeyRetrieval=true
insert into team (name) values (?)
insert into team (name) values ('teamB');
?[2m2024-03-22T11:46:15.932+09:00?[0;39m ?[32mDEBUG?[0;39m ?[35m21884?[0;39m ?[2m---?[0;39m ?[2m[    Test worker]?[0;39m ?[2m?[0;39m?[36morg.hibernate.SQL                       ?[0;39m ?[2m:?[0;39m 
    insert 
    into
        member
        (age, team_id, username) 
    values
        (?, ?, ?)
?[2m2024-03-22T11:46:15.932+09:00?[0;39m ?[32m INFO?[0;39m ?[35m21884?[0;39m ?[2m---?[0;39m ?[2m[    Test worker]?[0;39m ?[2m?[0;39m?[36mp6spy                                   ?[0;39m ?[2m:?[0;39m #1711075575932 | took 0ms | statement | connection 11| url jdbc:mysql://localhost:3306/sampleDB?serverTimezone=UTC&useSSL=false&allowPublicKeyRetrieval=true
insert into member (age,team_id,username) values (?,?,?)
insert into member (age,team_id,username) values (10,17,'member1');
?[2m2024-03-22T11:46:15.933+09:00?[0;39m ?[32mDEBUG?[0;39m ?[35m21884?[0;39m ?[2m---?[0;39m ?[2m[    Test worker]?[0;39m ?[2m?[0;39m?[36morg.hibernate.SQL                       ?[0;39m ?[2m:?[0;39m 
    insert 
    into
        member
        (age, team_id, username) 
    values
        (?, ?, ?)
?[2m2024-03-22T11:46:15.933+09:00?[0;39m ?[32m INFO?[0;39m ?[35m21884?[0;39m ?[2m---?[0;39m ?[2m[    Test worker]?[0;39m ?[2m?[0;39m?[36mp6spy                                   ?[0;39m ?[2m:?[0;39m #1711075575933 | took 0ms | statement | connection 11| url jdbc:mysql://localhost:3306/sampleDB?serverTimezone=UTC&useSSL=false&allowPublicKeyRetrieval=true
insert into member (age,team_id,username) values (?,?,?)
insert into member (age,team_id,username) values (20,17,'member2');
?[2m2024-03-22T11:46:15.933+09:00?[0;39m ?[32mDEBUG?[0;39m ?[35m21884?[0;39m ?[2m---?[0;39m ?[2m[    Test worker]?[0;39m ?[2m?[0;39m?[36morg.hibernate.SQL                       ?[0;39m ?[2m:?[0;39m 
    insert 
    into
        member
        (age, team_id, username) 
    values
        (?, ?, ?)
?[2m2024-03-22T11:46:15.934+09:00?[0;39m ?[32m INFO?[0;39m ?[35m21884?[0;39m ?[2m---?[0;39m ?[2m[    Test worker]?[0;39m ?[2m?[0;39m?[36mp6spy                                   ?[0;39m ?[2m:?[0;39m #1711075575934 | took 0ms | statement | connection 11| url jdbc:mysql://localhost:3306/sampleDB?serverTimezone=UTC&useSSL=false&allowPublicKeyRetrieval=true
insert into member (age,team_id,username) values (?,?,?)
insert into member (age,team_id,username) values (30,18,'member3');
?[2m2024-03-22T11:46:15.934+09:00?[0;39m ?[32mDEBUG?[0;39m ?[35m21884?[0;39m ?[2m---?[0;39m ?[2m[    Test worker]?[0;39m ?[2m?[0;39m?[36morg.hibernate.SQL                       ?[0;39m ?[2m:?[0;39m 
    insert 
    into
        member
        (age, team_id, username) 
    values
        (?, ?, ?)
?[2m2024-03-22T11:46:15.934+09:00?[0;39m ?[32m INFO?[0;39m ?[35m21884?[0;39m ?[2m---?[0;39m ?[2m[    Test worker]?[0;39m ?[2m?[0;39m?[36mp6spy                                   ?[0;39m ?[2m:?[0;39m #1711075575934 | took 0ms | statement | connection 11| url jdbc:mysql://localhost:3306/sampleDB?serverTimezone=UTC&useSSL=false&allowPublicKeyRetrieval=true
insert into member (age,team_id,username) values (?,?,?)
insert into member (age,team_id,username) values (40,18,'member4');
==========================
?[2m2024-03-22T11:46:15.948+09:00?[0;39m ?[32mDEBUG?[0;39m ?[35m21884?[0;39m ?[2m---?[0;39m ?[2m[    Test worker]?[0;39m ?[2m?[0;39m?[36morg.hibernate.SQL                       ?[0;39m ?[2m:?[0;39m 
    delete 
    from
        member 
    where
        age>?
?[2m2024-03-22T11:46:15.950+09:00?[0;39m ?[32m INFO?[0;39m ?[35m21884?[0;39m ?[2m---?[0;39m ?[2m[    Test worker]?[0;39m ?[2m?[0;39m?[36mp6spy                                   ?[0;39m ?[2m:?[0;39m #1711075575950 | took 1ms | statement | connection 11| url jdbc:mysql://localhost:3306/sampleDB?serverTimezone=UTC&useSSL=false&allowPublicKeyRetrieval=true
delete from member where age>?
delete from member where age>18;
?[2m2024-03-22T11:46:15.952+09:00?[0;39m ?[32mDEBUG?[0;39m ?[35m21884?[0;39m ?[2m---?[0;39m ?[2m[    Test worker]?[0;39m ?[2m?[0;39m?[36morg.hibernate.SQL                       ?[0;39m ?[2m:?[0;39m 
    select
        m1_0.member_id,
        m1_0.age,
        m1_0.team_id,
        m1_0.username 
    from
        member m1_0
?[2m2024-03-22T11:46:15.953+09:00?[0;39m ?[32m INFO?[0;39m ?[35m21884?[0;39m ?[2m---?[0;39m ?[2m[    Test worker]?[0;39m ?[2m?[0;39m?[36mp6spy                                   ?[0;39m ?[2m:?[0;39m #1711075575953 | took 0ms | statement | connection 11| url jdbc:mysql://localhost:3306/sampleDB?serverTimezone=UTC&useSSL=false&allowPublicKeyRetrieval=true
select m1_0.member_id,m1_0.age,m1_0.team_id,m1_0.username from member m1_0
select m1_0.member_id,m1_0.age,m1_0.team_id,m1_0.username from member m1_0;
m = Member(id=36, username=member1, age=10)
?[2m2024-03-22T11:46:15.967+09:00?[0;39m ?[32m INFO?[0;39m ?[35m21884?[0;39m ?[2m---?[0;39m ?[2m[    Test worker]?[0;39m ?[2m?[0;39m?[36mp6spy                                   ?[0;39m ?[2m:?[0;39m #1711075575967 | took 2ms | commit | connection 11| url jdbc:mysql://localhost:3306/sampleDB?serverTimezone=UTC&useSSL=false&allowPublicKeyRetrieval=true

;
?[2m2024-03-22T11:46:15.973+09:00?[0;39m ?[32mDEBUG?[0;39m ?[35m21884?[0;39m ?[2m---?[0;39m ?[2m[    Test worker]?[0;39m ?[2m?[0;39m?[36morg.hibernate.SQL                       ?[0;39m ?[2m:?[0;39m 
    insert 
    into
        team
        (name) 
    values
        (?)
?[2m2024-03-22T11:46:15.974+09:00?[0;39m ?[32m INFO?[0;39m ?[35m21884?[0;39m ?[2m---?[0;39m ?[2m[    Test worker]?[0;39m ?[2m?[0;39m?[36mp6spy                                   ?[0;39m ?[2m:?[0;39m #1711075575974 | took 0ms | statement | connection 12| url jdbc:mysql://localhost:3306/sampleDB?serverTimezone=UTC&useSSL=false&allowPublicKeyRetrieval=true
insert into team (name) values (?)
insert into team (name) values ('teamA');
?[2m2024-03-22T11:46:15.975+09:00?[0;39m ?[32mDEBUG?[0;39m ?[35m21884?[0;39m ?[2m---?[0;39m ?[2m[    Test worker]?[0;39m ?[2m?[0;39m?[36morg.hibernate.SQL                       ?[0;39m ?[2m:?[0;39m 
    insert 
    into
        team
        (name) 
    values
        (?)
?[2m2024-03-22T11:46:15.975+09:00?[0;39m ?[32m INFO?[0;39m ?[35m21884?[0;39m ?[2m---?[0;39m ?[2m[    Test worker]?[0;39m ?[2m?[0;39m?[36mp6spy                                   ?[0;39m ?[2m:?[0;39m #1711075575975 | took 0ms | statement | connection 12| url jdbc:mysql://localhost:3306/sampleDB?serverTimezone=UTC&useSSL=false&allowPublicKeyRetrieval=true
insert into team (name) values (?)
insert into team (name) values ('teamB');
?[2m2024-03-22T11:46:15.975+09:00?[0;39m ?[32mDEBUG?[0;39m ?[35m21884?[0;39m ?[2m---?[0;39m ?[2m[    Test worker]?[0;39m ?[2m?[0;39m?[36morg.hibernate.SQL                       ?[0;39m ?[2m:?[0;39m 
    insert 
    into
        member
        (age, team_id, username) 
    values
        (?, ?, ?)
?[2m2024-03-22T11:46:15.976+09:00?[0;39m ?[32m INFO?[0;39m ?[35m21884?[0;39m ?[2m---?[0;39m ?[2m[    Test worker]?[0;39m ?[2m?[0;39m?[36mp6spy                                   ?[0;39m ?[2m:?[0;39m #1711075575976 | took 0ms | statement | connection 12| url jdbc:mysql://localhost:3306/sampleDB?serverTimezone=UTC&useSSL=false&allowPublicKeyRetrieval=true
insert into member (age,team_id,username) values (?,?,?)
insert into member (age,team_id,username) values (10,19,'member1');
?[2m2024-03-22T11:46:15.976+09:00?[0;39m ?[32mDEBUG?[0;39m ?[35m21884?[0;39m ?[2m---?[0;39m ?[2m[    Test worker]?[0;39m ?[2m?[0;39m?[36morg.hibernate.SQL                       ?[0;39m ?[2m:?[0;39m 
    insert 
    into
        member
        (age, team_id, username) 
    values
        (?, ?, ?)
?[2m2024-03-22T11:46:15.977+09:00?[0;39m ?[32m INFO?[0;39m ?[35m21884?[0;39m ?[2m---?[0;39m ?[2m[    Test worker]?[0;39m ?[2m?[0;39m?[36mp6spy                                   ?[0;39m ?[2m:?[0;39m #1711075575977 | took 0ms | statement | connection 12| url jdbc:mysql://localhost:3306/sampleDB?serverTimezone=UTC&useSSL=false&allowPublicKeyRetrieval=true
insert into member (age,team_id,username) values (?,?,?)
insert into member (age,team_id,username) values (20,19,'member2');
?[2m2024-03-22T11:46:15.977+09:00?[0;39m ?[32mDEBUG?[0;39m ?[35m21884?[0;39m ?[2m---?[0;39m ?[2m[    Test worker]?[0;39m ?[2m?[0;39m?[36morg.hibernate.SQL                       ?[0;39m ?[2m:?[0;39m 
    insert 
    into
        member
        (age, team_id, username) 
    values
        (?, ?, ?)
?[2m2024-03-22T11:46:15.977+09:00?[0;39m ?[32m INFO?[0;39m ?[35m21884?[0;39m ?[2m---?[0;39m ?[2m[    Test worker]?[0;39m ?[2m?[0;39m?[36mp6spy                                   ?[0;39m ?[2m:?[0;39m #1711075575977 | took 0ms | statement | connection 12| url jdbc:mysql://localhost:3306/sampleDB?serverTimezone=UTC&useSSL=false&allowPublicKeyRetrieval=true
insert into member (age,team_id,username) values (?,?,?)
insert into member (age,team_id,username) values (30,20,'member3');
?[2m2024-03-22T11:46:15.978+09:00?[0;39m ?[32mDEBUG?[0;39m ?[35m21884?[0;39m ?[2m---?[0;39m ?[2m[    Test worker]?[0;39m ?[2m?[0;39m?[36morg.hibernate.SQL                       ?[0;39m ?[2m:?[0;39m 
    insert 
    into
        member
        (age, team_id, username) 
    values
        (?, ?, ?)
?[2m2024-03-22T11:46:15.979+09:00?[0;39m ?[32m INFO?[0;39m ?[35m21884?[0;39m ?[2m---?[0;39m ?[2m[    Test worker]?[0;39m ?[2m?[0;39m?[36mp6spy                                   ?[0;39m ?[2m:?[0;39m #1711075575979 | took 0ms | statement | connection 12| url jdbc:mysql://localhost:3306/sampleDB?serverTimezone=UTC&useSSL=false&allowPublicKeyRetrieval=true
insert into member (age,team_id,username) values (?,?,?)
insert into member (age,team_id,username) values (40,20,'member4');
==========================
?[2m2024-03-22T11:46:15.995+09:00?[0;39m ?[32m INFO?[0;39m ?[35m21884?[0;39m ?[2m---?[0;39m ?[2m[    Test worker]?[0;39m ?[2m?[0;39m?[36mp6spy                                   ?[0;39m ?[2m:?[0;39m #1711075575995 | took 1ms | rollback | connection 12| url jdbc:mysql://localhost:3306/sampleDB?serverTimezone=UTC&useSSL=false&allowPublicKeyRetrieval=true

;
]]></system-out>
  <system-err><![CDATA[]]></system-err>
</testsuite>
